{"tag": "function", "depth": 1, "time": 1594632953.3124712, "data": {"name": "record_ui", "call_args": {"driver": "<poco.drivers.android.uiautomation.AndroidUiautomationPoco object at 0x0AD8BE30>", "action": "'click'", "ui": "UIObjectProxy of \"\u96f6\u58f9\u9152\u5e97(Staging)\"", "args": "[0.11481481481481481, 0.7700534759358288]"}, "start_time": 1594632953.3124712, "ret": "UIObjectProxy of \"\u96f6\u58f9\u9152\u5e97(Staging)\"", "end_time": 1594632953.3124712}}
{"tag": "function", "depth": 2, "time": 1594632956.0142426, "data": {"name": "try_log_screen", "call_args": {"screen": null}, "start_time": 1594632954.2729015, "ret": {"screen": "1594632955807.jpg", "resolution": [1080, 2244]}, "end_time": 1594632956.0142426}}
{"tag": "function", "depth": 1, "time": 1594632957.5391605, "data": {"name": "touch", "call_args": {"v": [124.0, 1728.0], "kwargs": {"duration": 0.01}, "times": 1}, "start_time": 1594632954.2729015, "ret": [124.0, 1728.0], "end_time": 1594632957.5391605}}
{"tag": "function", "depth": 1, "time": 1594632959.3203936, "data": {"name": "record_ui", "call_args": {"driver": "<poco.drivers.android.uiautomation.AndroidUiautomationPoco object at 0x0AD8BE30>", "action": "'click'", "ui": "UIObjectProxy of \"com.sz01hotel.android.stg:id/tv_mine\"", "args": "[0.8083333333333333, 0.93048128342246]"}, "start_time": 1594632959.3203936, "ret": "UIObjectProxy of \"com.sz01hotel.android.stg:id/tv_mine\"", "end_time": 1594632959.3203936}}
{"tag": "function", "depth": 2, "time": 1594632959.7143402, "data": {"name": "try_log_screen", "call_args": {"screen": null}, "start_time": 1594632959.3213913, "ret": {"screen": "1594632959489.jpg", "resolution": [1080, 2244]}, "end_time": 1594632959.7143402}}
{"tag": "function", "depth": 1, "time": 1594632959.8988461, "data": {"name": "touch", "call_args": {"v": [873.0, 2088.0], "kwargs": {"duration": 0.01}, "times": 1}, "start_time": 1594632959.3213913, "ret": [873.0, 2088.0], "end_time": 1594632959.8988461}}
{"tag": "function", "depth": 1, "time": 1594632961.7002418, "data": {"name": "record_ui", "call_args": {"driver": "<poco.drivers.android.uiautomation.AndroidUiautomationPoco object at 0x0AD8BE30>", "action": "'click'", "ui": "UIObjectProxy of \"com.sz01hotel.android.stg:id/tv_setting\"", "args": "[0.8333333333333334, 0.7491087344028521]"}, "start_time": 1594632961.7002418, "ret": "UIObjectProxy of \"com.sz01hotel.android.stg:id/tv_setting\"", "end_time": 1594632961.7002418}}
{"tag": "function", "depth": 2, "time": 1594632962.078233, "data": {"name": "try_log_screen", "call_args": {"screen": null}, "start_time": 1594632961.7002418, "ret": {"screen": "1594632961906.jpg", "resolution": [1080, 2244]}, "end_time": 1594632962.078233}}
{"tag": "function", "depth": 1, "time": 1594632962.264246, "data": {"name": "touch", "call_args": {"v": [900.0, 1681.0], "kwargs": {"duration": 0.01}, "times": 1}, "start_time": 1594632961.7002418, "ret": [900.0, 1681.0], "end_time": 1594632962.264246}}
{"tag": "info", "depth": 0, "time": 1594632971.328271, "data": {"name": "Final Error", "traceback": "Traceback (most recent call last):\n  File \"C:\\Users\\hao\\AppData\\Local\\Programs\\Python\\Python37-32\\lib\\site-packages\\poco\\proxy.py\", line 26, in wrapped\n    proxy.wait_for_appearance(timeout=proxy.poco._pre_action_wait_for_appearance)\n  File \"C:\\Users\\hao\\AppData\\Local\\Programs\\Python\\Python37-32\\lib\\site-packages\\poco\\proxy.py\", line 681, in wait_for_appearance\n    raise PocoTargetTimeout('appearance', self)\npoco.exceptions.PocoTargetTimeout: Waiting timeout for appearance of \"UIObjectProxy of \"text=\u5b89\u5168\u9000\u51fa\"\"\n\nDuring handling of the above exception, another exception occurred:\n\nTraceback (most recent call last):\n  File \"C:\\Users\\hao\\AppData\\Local\\Programs\\Python\\Python37-32\\lib\\site-packages\\airtest\\cli\\runner.py\", line 61, in runTest\n    exec(compile(code.encode(\"utf-8\"), pyfilepath, 'exec'), self.scope)\n  File \"C:\\Users\\hao\\Desktop\\code_self\\airtest_case_dadi\\air_case\\hotel_login.air\\hotel_login.py\", line 31, in <module>\n    logout()\n  File \"C:\\Users\\hao\\Desktop\\code_self\\airtest_case_dadi\\air_case\\hotel_login.air\\hotel_login.py\", line 24, in logout\n    poco(text=\"\u5b89\u5168\u9000\u51fa\").click()\n  File \"C:\\Users\\hao\\AppData\\Local\\Programs\\Python\\Python37-32\\lib\\site-packages\\poco\\proxy.py\", line 29, in wrapped\n    raise e\n  File \"C:\\Users\\hao\\AppData\\Local\\Programs\\Python\\Python37-32\\lib\\site-packages\\poco\\proxy.py\", line 23, in wrapped\n    return func(proxy, *args, **kwargs)\n  File \"C:\\Users\\hao\\AppData\\Local\\Programs\\Python\\Python37-32\\lib\\site-packages\\poco\\proxy.py\", line 332, in click\n    pos_in_percentage = self.get_position(focus)\n  File \"C:\\Users\\hao\\AppData\\Local\\Programs\\Python\\Python37-32\\lib\\site-packages\\poco\\proxy.py\", line 72, in wrapped\n    return func(proxy, *args, **kwargs)\n  File \"C:\\Users\\hao\\AppData\\Local\\Programs\\Python\\Python37-32\\lib\\site-packages\\poco\\proxy.py\", line 613, in get_position\n    pos = self.attr('pos')\n  File \"C:\\Users\\hao\\AppData\\Local\\Programs\\Python\\Python37-32\\lib\\site-packages\\poco\\proxy.py\", line 39, in wrapped\n    return func(self, *args, **kwargs)\n  File \"C:\\Users\\hao\\AppData\\Local\\Programs\\Python\\Python37-32\\lib\\site-packages\\poco\\proxy.py\", line 734, in attr\n    nodes = self._do_query(multiple=False)\n  File \"C:\\Users\\hao\\AppData\\Local\\Programs\\Python\\Python37-32\\lib\\site-packages\\poco\\proxy.py\", line 874, in _do_query\n    raise PocoNoSuchNodeException(self)\npoco.exceptions.PocoNoSuchNodeException: Cannot find any visible node by query UIObjectProxy of \"text=\u5b89\u5168\u9000\u51fa\"\n"}}
